[0m22:24:55.303262 [debug] [MainThread]: Sending event: {'category': 'dbt', 'action': 'invocation', 'label': 'start', 'context': [<snowplow_tracker.self_describing_json.SelfDescribingJson object at 0x000002482124B810>, <snowplow_tracker.self_describing_json.SelfDescribingJson object at 0x00000248220E6210>, <snowplow_tracker.self_describing_json.SelfDescribingJson object at 0x00000248220E6B90>]}


============================== 22:24:55.313236 | 637586f5-a9c7-460b-974e-7b1134e9a7a1 ==============================
[0m22:24:55.313236 [info ] [MainThread]: Running with dbt=1.8.3
[0m22:24:55.315247 [debug] [MainThread]: running dbt with arguments {'printer_width': '80', 'indirect_selection': 'eager', 'log_cache_events': 'False', 'write_json': 'True', 'partial_parse': 'True', 'cache_selected_only': 'False', 'warn_error': 'None', 'fail_fast': 'False', 'profiles_dir': 'C:\\Users\\ilham\\.dbt', 'log_path': 'logs', 'version_check': 'True', 'debug': 'False', 'use_colors': 'True', 'use_experimental_parser': 'False', 'empty': 'None', 'quiet': 'False', 'no_print': 'None', 'warn_error_options': 'WarnErrorOptions(include=[], exclude=[])', 'introspect': 'True', 'log_format': 'default', 'invocation_command': 'dbt debug', 'target_path': 'None', 'static_parser': 'True', 'send_anonymous_usage_stats': 'True'}
[0m22:24:55.380372 [info ] [MainThread]: dbt version: 1.8.3
[0m22:24:55.381375 [info ] [MainThread]: python version: 3.11.5
[0m22:24:55.383375 [info ] [MainThread]: python path: C:\Users\ilham\AppData\Local\Programs\Python\Python311\python.exe
[0m22:24:55.384374 [info ] [MainThread]: os info: Windows-10-10.0.22621-SP0
[0m22:25:04.575928 [info ] [MainThread]: Using profiles dir at C:\Users\ilham\.dbt
[0m22:25:04.576883 [info ] [MainThread]: Using profiles.yml file at C:\Users\ilham\.dbt\profiles.yml
[0m22:25:04.577897 [info ] [MainThread]: Using dbt_project.yml file at E:\DataScience\Project\streamcommerce\dbt_project.yml
[0m22:25:04.579886 [info ] [MainThread]: adapter type: bigquery
[0m22:25:04.580885 [info ] [MainThread]: adapter version: 1.8.2
[0m22:25:04.582893 [info ] [MainThread]: Configuration:
[0m22:25:04.583888 [info ] [MainThread]:   profiles.yml file [[32mOK found and valid[0m]
[0m22:25:04.585886 [info ] [MainThread]:   dbt_project.yml file [[31mERROR not found[0m]
[0m22:25:04.586885 [info ] [MainThread]: Required dependencies:
[0m22:25:04.588884 [debug] [MainThread]: Executing "git --help"
[0m22:25:04.672536 [debug] [MainThread]: STDOUT: "b"usage: git [-v | --version] [-h | --help] [-C <path>] [-c <name>=<value>]\n           [--exec-path[=<path>]] [--html-path] [--man-path] [--info-path]\n           [-p | --paginate | -P | --no-pager] [--no-replace-objects] [--bare]\n           [--git-dir=<path>] [--work-tree=<path>] [--namespace=<name>]\n           [--config-env=<name>=<envvar>] <command> [<args>]\n\nThese are common Git commands used in various situations:\n\nstart a working area (see also: git help tutorial)\n   clone     Clone a repository into a new directory\n   init      Create an empty Git repository or reinitialize an existing one\n\nwork on the current change (see also: git help everyday)\n   add       Add file contents to the index\n   mv        Move or rename a file, a directory, or a symlink\n   restore   Restore working tree files\n   rm        Remove files from the working tree and from the index\n\nexamine the history and state (see also: git help revisions)\n   bisect    Use binary search to find the commit that introduced a bug\n   diff      Show changes between commits, commit and working tree, etc\n   grep      Print lines matching a pattern\n   log       Show commit logs\n   show      Show various types of objects\n   status    Show the working tree status\n\ngrow, mark and tweak your common history\n   branch    List, create, or delete branches\n   commit    Record changes to the repository\n   merge     Join two or more development histories together\n   rebase    Reapply commits on top of another base tip\n   reset     Reset current HEAD to the specified state\n   switch    Switch branches\n   tag       Create, list, delete or verify a tag object signed with GPG\n\ncollaborate (see also: git help workflows)\n   fetch     Download objects and refs from another repository\n   pull      Fetch from and integrate with another repository or a local branch\n   push      Update remote refs along with associated objects\n\n'git help -a' and 'git help -g' list available subcommands and some\nconcept guides. See 'git help <command>' or 'git help <concept>'\nto read about a specific subcommand or concept.\nSee 'git help git' for an overview of the system.\n""
[0m22:25:04.674539 [debug] [MainThread]: STDERR: "b''"
[0m22:25:04.714208 [info ] [MainThread]:  - git [[32mOK found[0m]

[0m22:25:04.723224 [info ] [MainThread]: Connection:
[0m22:25:04.737203 [info ] [MainThread]:   method: service-account
[0m22:25:04.740198 [info ] [MainThread]:   database: black-machine-422712-b7black-machine-422712-b7
[0m22:25:04.744195 [info ] [MainThread]:   execution_project: black-machine-422712-b7black-machine-422712-b7
[0m22:25:04.749195 [info ] [MainThread]:   schema: stg_streamcommerce
[0m22:25:04.754221 [info ] [MainThread]:   location: US
[0m22:25:04.755221 [info ] [MainThread]:   priority: interactive
[0m22:25:04.757222 [info ] [MainThread]:   maximum_bytes_billed: None
[0m22:25:04.758218 [info ] [MainThread]:   impersonate_service_account: None
[0m22:25:04.759218 [info ] [MainThread]:   job_retry_deadline_seconds: None
[0m22:25:04.761218 [info ] [MainThread]:   job_retries: 1
[0m22:25:04.764218 [info ] [MainThread]:   job_creation_timeout_seconds: None
[0m22:25:04.770217 [info ] [MainThread]:   job_execution_timeout_seconds: 300
[0m22:25:04.788220 [info ] [MainThread]:   timeout_seconds: 300
[0m22:25:04.802219 [info ] [MainThread]:   client_id: None
[0m22:25:04.809242 [info ] [MainThread]:   token_uri: None
[0m22:25:04.811222 [info ] [MainThread]:   dataproc_region: None
[0m22:25:04.812221 [info ] [MainThread]:   dataproc_cluster_name: None
[0m22:25:04.815217 [info ] [MainThread]:   gcs_bucket: None
[0m22:25:04.817220 [info ] [MainThread]:   dataproc_batch: None
[0m22:25:04.821235 [info ] [MainThread]: Registered adapter: bigquery=1.8.2
[0m22:25:04.835859 [debug] [MainThread]: Acquiring new bigquery connection 'debug'
[0m22:25:04.862101 [debug] [MainThread]: Opening a new connection, currently in state init
[0m22:25:04.865124 [debug] [MainThread]: BigQuery adapter: Got an error when attempting to create a bigquery client: '[Errno 2] No such file or directory: '.google/credentials/google_credentials.json''
[0m22:25:04.867099 [info ] [MainThread]:   Connection test: [[31mERROR[0m]

[0m22:25:04.869105 [info ] [MainThread]: [31m2 checks failed:[0m
[0m22:25:04.871100 [info ] [MainThread]: Project loading failed for the following reason:
 project path <E:\DataScience\Project\streamcommerce\dbt_project.yml> not found

[0m22:25:04.876103 [info ] [MainThread]: dbt was unable to connect to the specified database.
The database returned the following error:

  >Database Error
  [Errno 2] No such file or directory: '.google/credentials/google_credentials.json'

Check your database credentials and try again. For more information, visit:
https://docs.getdbt.com/docs/configure-your-profile


[0m22:25:04.882104 [debug] [MainThread]: Command `dbt debug` failed at 22:25:04.881102 after 9.77 seconds
[0m22:25:04.883100 [debug] [MainThread]: Connection 'debug' was properly closed.
[0m22:25:04.884109 [debug] [MainThread]: Sending event: {'category': 'dbt', 'action': 'invocation', 'label': 'end', 'context': [<snowplow_tracker.self_describing_json.SelfDescribingJson object at 0x0000024822567CD0>, <snowplow_tracker.self_describing_json.SelfDescribingJson object at 0x000002482124B750>, <snowplow_tracker.self_describing_json.SelfDescribingJson object at 0x000002482B53AE10>]}
[0m22:25:04.888123 [debug] [MainThread]: Flushing usage events
